<?xml version="1.0" encoding="UTF-8"?>
<!-- Generated by org.testng.reporters.JUnitReportReporter -->
<testsuite hostname="chenziyang" name="rolemanage.PermissionSetting" tests="1" failures="0" timestamp="30 Aug 2017 02:00:26 GMT" time="35.023" errors="0">
  <testcase name="setPermission" time="35.023" classname="rolemanage.PermissionSetting"/>
</testsuite> <!-- rolemanage.PermissionSetting -->
