<?xml version="1.0" encoding="UTF-8"?>
<!-- Generated by org.testng.reporters.JUnitReportReporter -->
<testsuite hostname="chenziyang" name="ProjectInfoManage.OtherSetting" tests="1" failures="0" timestamp="30 Aug 2017 02:00:26 GMT" time="14.691" errors="0">
  <testcase name="otherSeting" time="14.691" classname="ProjectInfoManage.OtherSetting"/>
</testsuite> <!-- ProjectInfoManage.OtherSetting -->
