<?xml version="1.0" encoding="UTF-8"?>
<!-- Generated by org.testng.reporters.JUnitReportReporter -->
<testsuite hostname="chenziyang" name="toolsmanage.ToosSettiing" tests="1" failures="0" timestamp="30 Aug 2017 02:00:26 GMT" time="24.867" errors="0">
  <testcase name="importBanJi" time="24.867" classname="toolsmanage.ToosSettiing"/>
</testsuite> <!-- toolsmanage.ToosSettiing -->
