<?xml version="1.0" encoding="UTF-8"?>
<!-- Generated by org.testng.reporters.JUnitReportReporter -->
<testsuite hostname="chenziyang" name="RegistrationCardManager.CreatCard" tests="1" failures="0" timestamp="30 Aug 2017 02:00:26 GMT" time="33.753" errors="0">
  <testcase name="creatCards" time="33.753" classname="RegistrationCardManager.CreatCard"/>
</testsuite> <!-- RegistrationCardManager.CreatCard -->
