<?xml version="1.0" encoding="UTF-8"?>
<!-- Generated by org.testng.reporters.JUnitReportReporter -->
<testsuite hostname="chenziyang" name="CreatProject.StartAProject" tests="1" failures="0" timestamp="21 Sep 2017 08:10:26 GMT" time="17.019" errors="0">
  <testcase name="startProject" time="17.019" classname="CreatProject.StartAProject"/>
</testsuite> <!-- CreatProject.StartAProject -->
