<?xml version="1.0" encoding="UTF-8"?>
<!-- Generated by org.testng.reporters.JUnitReportReporter -->
<testsuite hostname="chenziyang" name="Set_up_project.ImportCenjiZidian" tests="1" failures="0" timestamp="30 Aug 2017 02:00:26 GMT" time="24.633" errors="0">
  <testcase name="importcenji" time="24.633" classname="Set_up_project.ImportCenjiZidian"/>
</testsuite> <!-- Set_up_project.ImportCenjiZidian -->
