<?xml version="1.0" encoding="UTF-8"?>
<!-- Generated by org.testng.reporters.JUnitReportReporter -->
<testsuite hostname="chenziyang" name="toolsmanage.SelectTools" tests="1" failures="0" timestamp="30 Aug 2017 02:00:26 GMT" time="17.714" errors="0">
  <testcase name="selectTools" time="17.714" classname="toolsmanage.SelectTools"/>
</testsuite> <!-- toolsmanage.SelectTools -->
