<?xml version="1.0" encoding="UTF-8"?>
<!-- Generated by org.testng.reporters.JUnitReportReporter -->
<testsuite hostname="chenziyang" name="Set_up_project.LoadStaticPage" tests="1" failures="0" timestamp="30 Aug 2017 02:00:26 GMT" time="23.898" errors="0">
  <testcase name="loadStaticPage" time="23.898" classname="Set_up_project.LoadStaticPage"/>
</testsuite> <!-- Set_up_project.LoadStaticPage -->
