<?xml version="1.0" encoding="UTF-8"?>
<!-- Generated by org.testng.reporters.JUnitReportReporter -->
<testsuite hostname="chenziyang" name="Set_up_project.ImportXuekezidian" tests="1" failures="0" timestamp="30 Aug 2017 02:00:26 GMT" time="25.221" errors="0">
  <testcase name="importxueke" time="25.221" classname="Set_up_project.ImportXuekezidian"/>
</testsuite> <!-- Set_up_project.ImportXuekezidian -->
